<?xml version="1.0" encoding="UTF-8"?>
<testsuite xmlns:xsi="http://www.w3.org/2001/XMLSchema-instance" xsi:noNamespaceSchemaLocation="https://maven.apache.org/surefire/maven-surefire-plugin/xsd/surefire-test-report.xsd" name="com.dailycodebuffer.spring.data.jpa.tutorial.repository.CourseRepositoryTest" time="3.427" tests="6" errors="4" skipped="0" failures="0">
  <properties>
    <property name="gopherProxySet" value="false"/>
    <property name="awt.toolkit" value="sun.lwawt.macosx.LWCToolkit"/>
    <property name="java.specification.version" value="11"/>
    <property name="sun.cpu.isalist" value=""/>
    <property name="sun.jnu.encoding" value="UTF-8"/>
    <property name="java.class.path" value="/Users/atul/Documents/Java/spring-data-jpa-tutorial/target/test-classes:/Users/atul/Documents/Java/spring-data-jpa-tutorial/target/classes:/Users/atul/.m2/repository/org/springframework/boot/spring-boot-starter-data-jpa/2.5.1/spring-boot-starter-data-jpa-2.5.1.jar:/Users/atul/.m2/repository/org/springframework/boot/spring-boot-starter-aop/2.5.1/spring-boot-starter-aop-2.5.1.jar:/Users/atul/.m2/repository/org/springframework/spring-aop/5.3.8/spring-aop-5.3.8.jar:/Users/atul/.m2/repository/org/aspectj/aspectjweaver/1.9.6/aspectjweaver-1.9.6.jar:/Users/atul/.m2/repository/org/springframework/boot/spring-boot-starter-jdbc/2.5.1/spring-boot-starter-jdbc-2.5.1.jar:/Users/atul/.m2/repository/com/zaxxer/HikariCP/4.0.3/HikariCP-4.0.3.jar:/Users/atul/.m2/repository/org/springframework/spring-jdbc/5.3.8/spring-jdbc-5.3.8.jar:/Users/atul/.m2/repository/jakarta/transaction/jakarta.transaction-api/1.3.3/jakarta.transaction-api-1.3.3.jar:/Users/atul/.m2/repository/jakarta/persistence/jakarta.persistence-api/2.2.3/jakarta.persistence-api-2.2.3.jar:/Users/atul/.m2/repository/org/hibernate/hibernate-core/5.4.32.Final/hibernate-core-5.4.32.Final.jar:/Users/atul/.m2/repository/org/jboss/logging/jboss-logging/3.4.2.Final/jboss-logging-3.4.2.Final.jar:/Users/atul/.m2/repository/org/javassist/javassist/3.27.0-GA/javassist-3.27.0-GA.jar:/Users/atul/.m2/repository/net/bytebuddy/byte-buddy/1.10.22/byte-buddy-1.10.22.jar:/Users/atul/.m2/repository/antlr/antlr/2.7.7/antlr-2.7.7.jar:/Users/atul/.m2/repository/org/jboss/jandex/2.2.3.Final/jandex-2.2.3.Final.jar:/Users/atul/.m2/repository/com/fasterxml/classmate/1.5.1/classmate-1.5.1.jar:/Users/atul/.m2/repository/org/dom4j/dom4j/2.1.3/dom4j-2.1.3.jar:/Users/atul/.m2/repository/org/hibernate/common/hibernate-commons-annotations/5.1.2.Final/hibernate-commons-annotations-5.1.2.Final.jar:/Users/atul/.m2/repository/org/glassfish/jaxb/jaxb-runtime/2.3.4/jaxb-runtime-2.3.4.jar:/Users/atul/.m2/repository/org/glassfish/jaxb/txw2/2.3.4/txw2-2.3.4.jar:/Users/atul/.m2/repository/com/sun/istack/istack-commons-runtime/3.0.12/istack-commons-runtime-3.0.12.jar:/Users/atul/.m2/repository/com/sun/activation/jakarta.activation/1.2.2/jakarta.activation-1.2.2.jar:/Users/atul/.m2/repository/org/springframework/data/spring-data-jpa/2.5.1/spring-data-jpa-2.5.1.jar:/Users/atul/.m2/repository/org/springframework/data/spring-data-commons/2.5.1/spring-data-commons-2.5.1.jar:/Users/atul/.m2/repository/org/springframework/spring-orm/5.3.8/spring-orm-5.3.8.jar:/Users/atul/.m2/repository/org/springframework/spring-context/5.3.8/spring-context-5.3.8.jar:/Users/atul/.m2/repository/org/springframework/spring-tx/5.3.8/spring-tx-5.3.8.jar:/Users/atul/.m2/repository/org/springframework/spring-beans/5.3.8/spring-beans-5.3.8.jar:/Users/atul/.m2/repository/org/slf4j/slf4j-api/1.7.30/slf4j-api-1.7.30.jar:/Users/atul/.m2/repository/org/springframework/spring-aspects/5.3.8/spring-aspects-5.3.8.jar:/Users/atul/.m2/repository/org/springframework/boot/spring-boot-starter-web/2.5.1/spring-boot-starter-web-2.5.1.jar:/Users/atul/.m2/repository/org/springframework/boot/spring-boot-starter/2.5.1/spring-boot-starter-2.5.1.jar:/Users/atul/.m2/repository/org/springframework/boot/spring-boot/2.5.1/spring-boot-2.5.1.jar:/Users/atul/.m2/repository/org/springframework/boot/spring-boot-autoconfigure/2.5.1/spring-boot-autoconfigure-2.5.1.jar:/Users/atul/.m2/repository/org/springframework/boot/spring-boot-starter-logging/2.5.1/spring-boot-starter-logging-2.5.1.jar:/Users/atul/.m2/repository/ch/qos/logback/logback-classic/1.2.3/logback-classic-1.2.3.jar:/Users/atul/.m2/repository/ch/qos/logback/logback-core/1.2.3/logback-core-1.2.3.jar:/Users/atul/.m2/repository/org/apache/logging/log4j/log4j-to-slf4j/2.14.1/log4j-to-slf4j-2.14.1.jar:/Users/atul/.m2/repository/org/apache/logging/log4j/log4j-api/2.14.1/log4j-api-2.14.1.jar:/Users/atul/.m2/repository/org/slf4j/jul-to-slf4j/1.7.30/jul-to-slf4j-1.7.30.jar:/Users/atul/.m2/repository/jakarta/annotation/jakarta.annotation-api/1.3.5/jakarta.annotation-api-1.3.5.jar:/Users/atul/.m2/repository/org/yaml/snakeyaml/1.28/snakeyaml-1.28.jar:/Users/atul/.m2/repository/org/springframework/boot/spring-boot-starter-json/2.5.1/spring-boot-starter-json-2.5.1.jar:/Users/atul/.m2/repository/com/fasterxml/jackson/core/jackson-databind/2.12.3/jackson-databind-2.12.3.jar:/Users/atul/.m2/repository/com/fasterxml/jackson/core/jackson-annotations/2.12.3/jackson-annotations-2.12.3.jar:/Users/atul/.m2/repository/com/fasterxml/jackson/core/jackson-core/2.12.3/jackson-core-2.12.3.jar:/Users/atul/.m2/repository/com/fasterxml/jackson/datatype/jackson-datatype-jdk8/2.12.3/jackson-datatype-jdk8-2.12.3.jar:/Users/atul/.m2/repository/com/fasterxml/jackson/datatype/jackson-datatype-jsr310/2.12.3/jackson-datatype-jsr310-2.12.3.jar:/Users/atul/.m2/repository/com/fasterxml/jackson/module/jackson-module-parameter-names/2.12.3/jackson-module-parameter-names-2.12.3.jar:/Users/atul/.m2/repository/org/springframework/boot/spring-boot-starter-tomcat/2.5.1/spring-boot-starter-tomcat-2.5.1.jar:/Users/atul/.m2/repository/org/apache/tomcat/embed/tomcat-embed-core/9.0.46/tomcat-embed-core-9.0.46.jar:/Users/atul/.m2/repository/org/apache/tomcat/embed/tomcat-embed-el/9.0.46/tomcat-embed-el-9.0.46.jar:/Users/atul/.m2/repository/org/apache/tomcat/embed/tomcat-embed-websocket/9.0.46/tomcat-embed-websocket-9.0.46.jar:/Users/atul/.m2/repository/org/springframework/spring-web/5.3.8/spring-web-5.3.8.jar:/Users/atul/.m2/repository/org/springframework/spring-webmvc/5.3.8/spring-webmvc-5.3.8.jar:/Users/atul/.m2/repository/org/springframework/spring-expression/5.3.8/spring-expression-5.3.8.jar:/Users/atul/.m2/repository/mysql/mysql-connector-java/8.0.25/mysql-connector-java-8.0.25.jar:/Users/atul/.m2/repository/org/projectlombok/lombok/1.18.20/lombok-1.18.20.jar:/Users/atul/.m2/repository/org/springframework/boot/spring-boot-starter-test/2.5.1/spring-boot-starter-test-2.5.1.jar:/Users/atul/.m2/repository/org/springframework/boot/spring-boot-test/2.5.1/spring-boot-test-2.5.1.jar:/Users/atul/.m2/repository/org/springframework/boot/spring-boot-test-autoconfigure/2.5.1/spring-boot-test-autoconfigure-2.5.1.jar:/Users/atul/.m2/repository/com/jayway/jsonpath/json-path/2.5.0/json-path-2.5.0.jar:/Users/atul/.m2/repository/net/minidev/json-smart/2.4.7/json-smart-2.4.7.jar:/Users/atul/.m2/repository/net/minidev/accessors-smart/2.4.7/accessors-smart-2.4.7.jar:/Users/atul/.m2/repository/org/ow2/asm/asm/9.1/asm-9.1.jar:/Users/atul/.m2/repository/jakarta/xml/bind/jakarta.xml.bind-api/2.3.3/jakarta.xml.bind-api-2.3.3.jar:/Users/atul/.m2/repository/jakarta/activation/jakarta.activation-api/1.2.2/jakarta.activation-api-1.2.2.jar:/Users/atul/.m2/repository/org/assertj/assertj-core/3.19.0/assertj-core-3.19.0.jar:/Users/atul/.m2/repository/org/hamcrest/hamcrest/2.2/hamcrest-2.2.jar:/Users/atul/.m2/repository/org/junit/jupiter/junit-jupiter/5.7.2/junit-jupiter-5.7.2.jar:/Users/atul/.m2/repository/org/junit/jupiter/junit-jupiter-api/5.7.2/junit-jupiter-api-5.7.2.jar:/Users/atul/.m2/repository/org/apiguardian/apiguardian-api/1.1.0/apiguardian-api-1.1.0.jar:/Users/atul/.m2/repository/org/opentest4j/opentest4j/1.2.0/opentest4j-1.2.0.jar:/Users/atul/.m2/repository/org/junit/platform/junit-platform-commons/1.7.2/junit-platform-commons-1.7.2.jar:/Users/atul/.m2/repository/org/junit/jupiter/junit-jupiter-params/5.7.2/junit-jupiter-params-5.7.2.jar:/Users/atul/.m2/repository/org/junit/jupiter/junit-jupiter-engine/5.7.2/junit-jupiter-engine-5.7.2.jar:/Users/atul/.m2/repository/org/junit/platform/junit-platform-engine/1.7.2/junit-platform-engine-1.7.2.jar:/Users/atul/.m2/repository/org/mockito/mockito-core/3.9.0/mockito-core-3.9.0.jar:/Users/atul/.m2/repository/net/bytebuddy/byte-buddy-agent/1.10.22/byte-buddy-agent-1.10.22.jar:/Users/atul/.m2/repository/org/objenesis/objenesis/3.2/objenesis-3.2.jar:/Users/atul/.m2/repository/org/mockito/mockito-junit-jupiter/3.9.0/mockito-junit-jupiter-3.9.0.jar:/Users/atul/.m2/repository/org/skyscreamer/jsonassert/1.5.0/jsonassert-1.5.0.jar:/Users/atul/.m2/repository/com/vaadin/external/google/android-json/0.0.20131108.vaadin1/android-json-0.0.20131108.vaadin1.jar:/Users/atul/.m2/repository/org/springframework/spring-core/5.3.8/spring-core-5.3.8.jar:/Users/atul/.m2/repository/org/springframework/spring-jcl/5.3.8/spring-jcl-5.3.8.jar:/Users/atul/.m2/repository/org/springframework/spring-test/5.3.8/spring-test-5.3.8.jar:/Users/atul/.m2/repository/org/xmlunit/xmlunit-core/2.8.2/xmlunit-core-2.8.2.jar:"/>
    <property name="java.vm.vendor" value="Homebrew"/>
    <property name="sun.arch.data.model" value="64"/>
    <property name="java.vendor.url" value="https://github.com/Homebrew/homebrew-core/issues"/>
    <property name="user.timezone" value=""/>
    <property name="java.vm.specification.version" value="11"/>
    <property name="os.name" value="Mac OS X"/>
    <property name="sun.java.launcher" value="SUN_STANDARD"/>
    <property name="user.country" value="US"/>
    <property name="sun.boot.library.path" value="/opt/homebrew/Cellar/openjdk@11/11.0.21/libexec/openjdk.jdk/Contents/Home/lib"/>
    <property name="sun.java.command" value="/Users/atul/Documents/Java/spring-data-jpa-tutorial/target/surefire/surefirebooter16678413160289265812.jar /Users/atul/Documents/Java/spring-data-jpa-tutorial/target/surefire 2024-01-06T17-47-10_968-jvmRun1 surefire16701496790279062385tmp surefire_012794792709896549331tmp"/>
    <property name="http.nonProxyHosts" value="local|*.local|169.254/16|*.169.254/16"/>
    <property name="jdk.debug" value="release"/>
    <property name="surefire.test.class.path" value="/Users/atul/Documents/Java/spring-data-jpa-tutorial/target/test-classes:/Users/atul/Documents/Java/spring-data-jpa-tutorial/target/classes:/Users/atul/.m2/repository/org/springframework/boot/spring-boot-starter-data-jpa/2.5.1/spring-boot-starter-data-jpa-2.5.1.jar:/Users/atul/.m2/repository/org/springframework/boot/spring-boot-starter-aop/2.5.1/spring-boot-starter-aop-2.5.1.jar:/Users/atul/.m2/repository/org/springframework/spring-aop/5.3.8/spring-aop-5.3.8.jar:/Users/atul/.m2/repository/org/aspectj/aspectjweaver/1.9.6/aspectjweaver-1.9.6.jar:/Users/atul/.m2/repository/org/springframework/boot/spring-boot-starter-jdbc/2.5.1/spring-boot-starter-jdbc-2.5.1.jar:/Users/atul/.m2/repository/com/zaxxer/HikariCP/4.0.3/HikariCP-4.0.3.jar:/Users/atul/.m2/repository/org/springframework/spring-jdbc/5.3.8/spring-jdbc-5.3.8.jar:/Users/atul/.m2/repository/jakarta/transaction/jakarta.transaction-api/1.3.3/jakarta.transaction-api-1.3.3.jar:/Users/atul/.m2/repository/jakarta/persistence/jakarta.persistence-api/2.2.3/jakarta.persistence-api-2.2.3.jar:/Users/atul/.m2/repository/org/hibernate/hibernate-core/5.4.32.Final/hibernate-core-5.4.32.Final.jar:/Users/atul/.m2/repository/org/jboss/logging/jboss-logging/3.4.2.Final/jboss-logging-3.4.2.Final.jar:/Users/atul/.m2/repository/org/javassist/javassist/3.27.0-GA/javassist-3.27.0-GA.jar:/Users/atul/.m2/repository/net/bytebuddy/byte-buddy/1.10.22/byte-buddy-1.10.22.jar:/Users/atul/.m2/repository/antlr/antlr/2.7.7/antlr-2.7.7.jar:/Users/atul/.m2/repository/org/jboss/jandex/2.2.3.Final/jandex-2.2.3.Final.jar:/Users/atul/.m2/repository/com/fasterxml/classmate/1.5.1/classmate-1.5.1.jar:/Users/atul/.m2/repository/org/dom4j/dom4j/2.1.3/dom4j-2.1.3.jar:/Users/atul/.m2/repository/org/hibernate/common/hibernate-commons-annotations/5.1.2.Final/hibernate-commons-annotations-5.1.2.Final.jar:/Users/atul/.m2/repository/org/glassfish/jaxb/jaxb-runtime/2.3.4/jaxb-runtime-2.3.4.jar:/Users/atul/.m2/repository/org/glassfish/jaxb/txw2/2.3.4/txw2-2.3.4.jar:/Users/atul/.m2/repository/com/sun/istack/istack-commons-runtime/3.0.12/istack-commons-runtime-3.0.12.jar:/Users/atul/.m2/repository/com/sun/activation/jakarta.activation/1.2.2/jakarta.activation-1.2.2.jar:/Users/atul/.m2/repository/org/springframework/data/spring-data-jpa/2.5.1/spring-data-jpa-2.5.1.jar:/Users/atul/.m2/repository/org/springframework/data/spring-data-commons/2.5.1/spring-data-commons-2.5.1.jar:/Users/atul/.m2/repository/org/springframework/spring-orm/5.3.8/spring-orm-5.3.8.jar:/Users/atul/.m2/repository/org/springframework/spring-context/5.3.8/spring-context-5.3.8.jar:/Users/atul/.m2/repository/org/springframework/spring-tx/5.3.8/spring-tx-5.3.8.jar:/Users/atul/.m2/repository/org/springframework/spring-beans/5.3.8/spring-beans-5.3.8.jar:/Users/atul/.m2/repository/org/slf4j/slf4j-api/1.7.30/slf4j-api-1.7.30.jar:/Users/atul/.m2/repository/org/springframework/spring-aspects/5.3.8/spring-aspects-5.3.8.jar:/Users/atul/.m2/repository/org/springframework/boot/spring-boot-starter-web/2.5.1/spring-boot-starter-web-2.5.1.jar:/Users/atul/.m2/repository/org/springframework/boot/spring-boot-starter/2.5.1/spring-boot-starter-2.5.1.jar:/Users/atul/.m2/repository/org/springframework/boot/spring-boot/2.5.1/spring-boot-2.5.1.jar:/Users/atul/.m2/repository/org/springframework/boot/spring-boot-autoconfigure/2.5.1/spring-boot-autoconfigure-2.5.1.jar:/Users/atul/.m2/repository/org/springframework/boot/spring-boot-starter-logging/2.5.1/spring-boot-starter-logging-2.5.1.jar:/Users/atul/.m2/repository/ch/qos/logback/logback-classic/1.2.3/logback-classic-1.2.3.jar:/Users/atul/.m2/repository/ch/qos/logback/logback-core/1.2.3/logback-core-1.2.3.jar:/Users/atul/.m2/repository/org/apache/logging/log4j/log4j-to-slf4j/2.14.1/log4j-to-slf4j-2.14.1.jar:/Users/atul/.m2/repository/org/apache/logging/log4j/log4j-api/2.14.1/log4j-api-2.14.1.jar:/Users/atul/.m2/repository/org/slf4j/jul-to-slf4j/1.7.30/jul-to-slf4j-1.7.30.jar:/Users/atul/.m2/repository/jakarta/annotation/jakarta.annotation-api/1.3.5/jakarta.annotation-api-1.3.5.jar:/Users/atul/.m2/repository/org/yaml/snakeyaml/1.28/snakeyaml-1.28.jar:/Users/atul/.m2/repository/org/springframework/boot/spring-boot-starter-json/2.5.1/spring-boot-starter-json-2.5.1.jar:/Users/atul/.m2/repository/com/fasterxml/jackson/core/jackson-databind/2.12.3/jackson-databind-2.12.3.jar:/Users/atul/.m2/repository/com/fasterxml/jackson/core/jackson-annotations/2.12.3/jackson-annotations-2.12.3.jar:/Users/atul/.m2/repository/com/fasterxml/jackson/core/jackson-core/2.12.3/jackson-core-2.12.3.jar:/Users/atul/.m2/repository/com/fasterxml/jackson/datatype/jackson-datatype-jdk8/2.12.3/jackson-datatype-jdk8-2.12.3.jar:/Users/atul/.m2/repository/com/fasterxml/jackson/datatype/jackson-datatype-jsr310/2.12.3/jackson-datatype-jsr310-2.12.3.jar:/Users/atul/.m2/repository/com/fasterxml/jackson/module/jackson-module-parameter-names/2.12.3/jackson-module-parameter-names-2.12.3.jar:/Users/atul/.m2/repository/org/springframework/boot/spring-boot-starter-tomcat/2.5.1/spring-boot-starter-tomcat-2.5.1.jar:/Users/atul/.m2/repository/org/apache/tomcat/embed/tomcat-embed-core/9.0.46/tomcat-embed-core-9.0.46.jar:/Users/atul/.m2/repository/org/apache/tomcat/embed/tomcat-embed-el/9.0.46/tomcat-embed-el-9.0.46.jar:/Users/atul/.m2/repository/org/apache/tomcat/embed/tomcat-embed-websocket/9.0.46/tomcat-embed-websocket-9.0.46.jar:/Users/atul/.m2/repository/org/springframework/spring-web/5.3.8/spring-web-5.3.8.jar:/Users/atul/.m2/repository/org/springframework/spring-webmvc/5.3.8/spring-webmvc-5.3.8.jar:/Users/atul/.m2/repository/org/springframework/spring-expression/5.3.8/spring-expression-5.3.8.jar:/Users/atul/.m2/repository/mysql/mysql-connector-java/8.0.25/mysql-connector-java-8.0.25.jar:/Users/atul/.m2/repository/org/projectlombok/lombok/1.18.20/lombok-1.18.20.jar:/Users/atul/.m2/repository/org/springframework/boot/spring-boot-starter-test/2.5.1/spring-boot-starter-test-2.5.1.jar:/Users/atul/.m2/repository/org/springframework/boot/spring-boot-test/2.5.1/spring-boot-test-2.5.1.jar:/Users/atul/.m2/repository/org/springframework/boot/spring-boot-test-autoconfigure/2.5.1/spring-boot-test-autoconfigure-2.5.1.jar:/Users/atul/.m2/repository/com/jayway/jsonpath/json-path/2.5.0/json-path-2.5.0.jar:/Users/atul/.m2/repository/net/minidev/json-smart/2.4.7/json-smart-2.4.7.jar:/Users/atul/.m2/repository/net/minidev/accessors-smart/2.4.7/accessors-smart-2.4.7.jar:/Users/atul/.m2/repository/org/ow2/asm/asm/9.1/asm-9.1.jar:/Users/atul/.m2/repository/jakarta/xml/bind/jakarta.xml.bind-api/2.3.3/jakarta.xml.bind-api-2.3.3.jar:/Users/atul/.m2/repository/jakarta/activation/jakarta.activation-api/1.2.2/jakarta.activation-api-1.2.2.jar:/Users/atul/.m2/repository/org/assertj/assertj-core/3.19.0/assertj-core-3.19.0.jar:/Users/atul/.m2/repository/org/hamcrest/hamcrest/2.2/hamcrest-2.2.jar:/Users/atul/.m2/repository/org/junit/jupiter/junit-jupiter/5.7.2/junit-jupiter-5.7.2.jar:/Users/atul/.m2/repository/org/junit/jupiter/junit-jupiter-api/5.7.2/junit-jupiter-api-5.7.2.jar:/Users/atul/.m2/repository/org/apiguardian/apiguardian-api/1.1.0/apiguardian-api-1.1.0.jar:/Users/atul/.m2/repository/org/opentest4j/opentest4j/1.2.0/opentest4j-1.2.0.jar:/Users/atul/.m2/repository/org/junit/platform/junit-platform-commons/1.7.2/junit-platform-commons-1.7.2.jar:/Users/atul/.m2/repository/org/junit/jupiter/junit-jupiter-params/5.7.2/junit-jupiter-params-5.7.2.jar:/Users/atul/.m2/repository/org/junit/jupiter/junit-jupiter-engine/5.7.2/junit-jupiter-engine-5.7.2.jar:/Users/atul/.m2/repository/org/junit/platform/junit-platform-engine/1.7.2/junit-platform-engine-1.7.2.jar:/Users/atul/.m2/repository/org/mockito/mockito-core/3.9.0/mockito-core-3.9.0.jar:/Users/atul/.m2/repository/net/bytebuddy/byte-buddy-agent/1.10.22/byte-buddy-agent-1.10.22.jar:/Users/atul/.m2/repository/org/objenesis/objenesis/3.2/objenesis-3.2.jar:/Users/atul/.m2/repository/org/mockito/mockito-junit-jupiter/3.9.0/mockito-junit-jupiter-3.9.0.jar:/Users/atul/.m2/repository/org/skyscreamer/jsonassert/1.5.0/jsonassert-1.5.0.jar:/Users/atul/.m2/repository/com/vaadin/external/google/android-json/0.0.20131108.vaadin1/android-json-0.0.20131108.vaadin1.jar:/Users/atul/.m2/repository/org/springframework/spring-core/5.3.8/spring-core-5.3.8.jar:/Users/atul/.m2/repository/org/springframework/spring-jcl/5.3.8/spring-jcl-5.3.8.jar:/Users/atul/.m2/repository/org/springframework/spring-test/5.3.8/spring-test-5.3.8.jar:/Users/atul/.m2/repository/org/xmlunit/xmlunit-core/2.8.2/xmlunit-core-2.8.2.jar:"/>
    <property name="sun.cpu.endian" value="little"/>
    <property name="user.home" value="/Users/atul"/>
    <property name="user.language" value="en"/>
    <property name="java.specification.vendor" value="Oracle Corporation"/>
    <property name="java.version.date" value="2023-10-17"/>
    <property name="java.home" value="/opt/homebrew/Cellar/openjdk@11/11.0.21/libexec/openjdk.jdk/Contents/Home"/>
    <property name="file.separator" value="/"/>
    <property name="basedir" value="/Users/atul/Documents/Java/spring-data-jpa-tutorial"/>
    <property name="java.vm.compressedOopsMode" value="Non-zero based"/>
    <property name="line.separator" value="&#10;"/>
    <property name="java.specification.name" value="Java Platform API Specification"/>
    <property name="java.vm.specification.vendor" value="Oracle Corporation"/>
    <property name="java.awt.graphicsenv" value="sun.awt.CGraphicsEnvironment"/>
    <property name="surefire.real.class.path" value="/Users/atul/Documents/Java/spring-data-jpa-tutorial/target/surefire/surefirebooter16678413160289265812.jar"/>
    <property name="sun.management.compiler" value="HotSpot 64-Bit Tiered Compilers"/>
    <property name="ftp.nonProxyHosts" value="local|*.local|169.254/16|*.169.254/16"/>
    <property name="java.runtime.version" value="11.0.21+0"/>
    <property name="user.name" value="atul"/>
    <property name="path.separator" value=":"/>
    <property name="os.version" value="14.1.2"/>
    <property name="java.runtime.name" value="OpenJDK Runtime Environment"/>
    <property name="file.encoding" value="UTF-8"/>
    <property name="java.vm.name" value="OpenJDK 64-Bit Server VM"/>
    <property name="java.vendor.version" value="Homebrew"/>
    <property name="localRepository" value="/Users/atul/.m2/repository"/>
    <property name="java.vendor.url.bug" value="https://github.com/Homebrew/homebrew-core/issues"/>
    <property name="java.io.tmpdir" value="/var/folders/fw/3w4xwsmd20v4t6qwrm45v8q00000gn/T/"/>
    <property name="idea.version" value="2023.2.5"/>
    <property name="java.version" value="11.0.21"/>
    <property name="user.dir" value="/Users/atul/Documents/Java/spring-data-jpa-tutorial"/>
    <property name="os.arch" value="aarch64"/>
    <property name="java.vm.specification.name" value="Java Virtual Machine Specification"/>
    <property name="java.awt.printerjob" value="sun.lwawt.macosx.CPrinterJob"/>
    <property name="sun.os.patch.level" value="unknown"/>
    <property name="java.library.path" value="/Users/atul/Library/Java/Extensions:/Library/Java/Extensions:/Network/Library/Java/Extensions:/System/Library/Java/Extensions:/usr/lib/java:."/>
    <property name="java.vm.info" value="mixed mode"/>
    <property name="java.vendor" value="Homebrew"/>
    <property name="java.vm.version" value="11.0.21+0"/>
    <property name="java.specification.maintenance.version" value="2"/>
    <property name="sun.io.unicode.encoding" value="UnicodeBig"/>
    <property name="java.class.version" value="55.0"/>
    <property name="socksNonProxyHosts" value="local|*.local|169.254/16|*.169.254/16"/>
  </properties>
  <testcase name="findAllSorting" classname="com.dailycodebuffer.spring.data.jpa.tutorial.repository.CourseRepositoryTest" time="0.453">
    <error message="failed to lazily initialize a collection of role: com.dailycodebuffer.spring.data.jpa.tutorial.entity.Course.students, could not initialize proxy - no Session" type="org.hibernate.LazyInitializationException">org.hibernate.LazyInitializationException: failed to lazily initialize a collection of role: com.dailycodebuffer.spring.data.jpa.tutorial.entity.Course.students, could not initialize proxy - no Session
	at com.dailycodebuffer.spring.data.jpa.tutorial.repository.CourseRepositoryTest.findAllSorting(CourseRepositoryTest.java:99)
</error>
    <system-out><![CDATA[2024-01-06 17:47:23.101  INFO 9904 --- [           main] .b.t.c.SpringBootTestContextBootstrapper : Neither @ContextConfiguration nor @ContextHierarchy found for test class [com.dailycodebuffer.spring.data.jpa.tutorial.repository.CourseRepositoryTest], using SpringBootContextLoader
2024-01-06 17:47:23.101  INFO 9904 --- [           main] o.s.t.c.support.AbstractContextLoader    : Could not detect default resource locations for test class [com.dailycodebuffer.spring.data.jpa.tutorial.repository.CourseRepositoryTest]: no resource found for suffixes {-context.xml, Context.groovy}.
2024-01-06 17:47:23.101  INFO 9904 --- [           main] t.c.s.AnnotationConfigContextLoaderUtils : Could not detect default configuration classes for test class [com.dailycodebuffer.spring.data.jpa.tutorial.repository.CourseRepositoryTest]: CourseRepositoryTest does not declare any static, non-private, non-final, nested classes annotated with @Configuration.
2024-01-06 17:47:23.102  INFO 9904 --- [           main] .b.t.c.SpringBootTestContextBootstrapper : Found @SpringBootConfiguration com.dailycodebuffer.spring.data.jpa.tutorial.SpringDataJpaTutorialApplication for test class com.dailycodebuffer.spring.data.jpa.tutorial.repository.CourseRepositoryTest
2024-01-06 17:47:23.103  INFO 9904 --- [           main] .b.t.c.SpringBootTestContextBootstrapper : Loaded default TestExecutionListener class names from location [META-INF/spring.factories]: [org.springframework.boot.test.mock.mockito.MockitoTestExecutionListener, org.springframework.boot.test.mock.mockito.ResetMocksTestExecutionListener, org.springframework.boot.test.autoconfigure.restdocs.RestDocsTestExecutionListener, org.springframework.boot.test.autoconfigure.web.client.MockRestServiceServerResetTestExecutionListener, org.springframework.boot.test.autoconfigure.web.servlet.MockMvcPrintOnlyOnFailureTestExecutionListener, org.springframework.boot.test.autoconfigure.web.servlet.WebDriverTestExecutionListener, org.springframework.boot.test.autoconfigure.webservices.client.MockWebServiceServerTestExecutionListener, org.springframework.test.context.web.ServletTestExecutionListener, org.springframework.test.context.support.DirtiesContextBeforeModesTestExecutionListener, org.springframework.test.context.event.ApplicationEventsTestExecutionListener, org.springframework.test.context.support.DependencyInjectionTestExecutionListener, org.springframework.test.context.support.DirtiesContextTestExecutionListener, org.springframework.test.context.transaction.TransactionalTestExecutionListener, org.springframework.test.context.jdbc.SqlScriptsTestExecutionListener, org.springframework.test.context.event.EventPublishingTestExecutionListener]
2024-01-06 17:47:23.103  INFO 9904 --- [           main] .b.t.c.SpringBootTestContextBootstrapper : Using TestExecutionListeners: [org.springframework.test.context.web.ServletTestExecutionListener@35599228, org.springframework.test.context.support.DirtiesContextBeforeModesTestExecutionListener@51ac72f7, org.springframework.test.context.event.ApplicationEventsTestExecutionListener@15324f25, org.springframework.boot.test.mock.mockito.MockitoTestExecutionListener@7b9f7087, org.springframework.boot.test.autoconfigure.SpringBootDependencyInjectionTestExecutionListener@22e650e, org.springframework.test.context.support.DirtiesContextTestExecutionListener@30a79476, org.springframework.test.context.transaction.TransactionalTestExecutionListener@376bae20, org.springframework.test.context.jdbc.SqlScriptsTestExecutionListener@37f0fb02, org.springframework.test.context.event.EventPublishingTestExecutionListener@4687fee7, org.springframework.boot.test.mock.mockito.ResetMocksTestExecutionListener@4a0fc665, org.springframework.boot.test.autoconfigure.restdocs.RestDocsTestExecutionListener@207f7baa, org.springframework.boot.test.autoconfigure.web.client.MockRestServiceServerResetTestExecutionListener@1067bc4c, org.springframework.boot.test.autoconfigure.web.servlet.MockMvcPrintOnlyOnFailureTestExecutionListener@69ee0861, org.springframework.boot.test.autoconfigure.web.servlet.WebDriverTestExecutionListener@5de6c7d7, org.springframework.boot.test.autoconfigure.webservices.client.MockWebServiceServerTestExecutionListener@69f55ea]
Hibernate: select course0_.course_id as course_i1_1_, course0_.credit as credit2_1_, course0_.teacher_id as teacher_4_1_, course0_.title as title3_1_ from course course0_ order by course0_.title asc limit ?
Hibernate: select teacher0_.teacher_id as teacher_1_7_0_, teacher0_.first_name as first_na2_7_0_, teacher0_.last_name as last_nam3_7_0_ from teacher teacher0_ where teacher0_.teacher_id=?
Hibernate: select coursemate0_.course_material_id as course_m1_2_0_, coursemate0_.course_id as course_i3_2_0_, coursemate0_.url as url2_2_0_ from course_material coursemate0_ where coursemate0_.course_id=?
Hibernate: select teacher0_.teacher_id as teacher_1_7_0_, teacher0_.first_name as first_na2_7_0_, teacher0_.last_name as last_nam3_7_0_ from teacher teacher0_ where teacher0_.teacher_id=?
Hibernate: select coursemate0_.course_material_id as course_m1_2_0_, coursemate0_.course_id as course_i3_2_0_, coursemate0_.url as url2_2_0_ from course_material coursemate0_ where coursemate0_.course_id=?
Hibernate: select count(course0_.course_id) as col_0_0_ from course course0_
]]></system-out>
  </testcase>
  <testcase name="saveCourseWithTeacher" classname="com.dailycodebuffer.spring.data.jpa.tutorial.repository.CourseRepositoryTest" time="0.649"/>
  <testcase name="saveCourseWithStudentAndTeacher" classname="com.dailycodebuffer.spring.data.jpa.tutorial.repository.CourseRepositoryTest" time="0.848">
    <error message="could not execute statement; SQL [n/a]; constraint [tbl_student.emailid_unique]; nested exception is org.hibernate.exception.ConstraintViolationException: could not execute statement" type="org.springframework.dao.DataIntegrityViolationException">org.springframework.dao.DataIntegrityViolationException: could not execute statement; SQL [n/a]; constraint [tbl_student.emailid_unique]; nested exception is org.hibernate.exception.ConstraintViolationException: could not execute statement
	at com.dailycodebuffer.spring.data.jpa.tutorial.repository.CourseRepositoryTest.saveCourseWithStudentAndTeacher(CourseRepositoryTest.java:138)
Caused by: org.hibernate.exception.ConstraintViolationException: could not execute statement
	at com.dailycodebuffer.spring.data.jpa.tutorial.repository.CourseRepositoryTest.saveCourseWithStudentAndTeacher(CourseRepositoryTest.java:138)
Caused by: java.sql.SQLIntegrityConstraintViolationException: Duplicate entry 'abhishek@gmail.com' for key 'tbl_student.emailid_unique'
	at com.dailycodebuffer.spring.data.jpa.tutorial.repository.CourseRepositoryTest.saveCourseWithStudentAndTeacher(CourseRepositoryTest.java:138)
</error>
    <system-out><![CDATA[Hibernate: select next_val as id_val from hibernate_sequence for update
Hibernate: update hibernate_sequence set next_val= ? where next_val=?
Hibernate: select next_val as id_val from hibernate_sequence for update
Hibernate: update hibernate_sequence set next_val= ? where next_val=?
Hibernate: select next_val as id_val from hibernate_sequence for update
Hibernate: update hibernate_sequence set next_val= ? where next_val=?
Hibernate: insert into teacher (first_name, last_name, teacher_id) values (?, ?, ?)
Hibernate: insert into course (credit, teacher_id, title, course_id) values (?, ?, ?, ?)
Hibernate: insert into tbl_student (email_address, first_name, guardian_email, guardian_mobile, guardian_name, last_name, student_id) values (?, ?, ?, ?, ?, ?, ?)
2024-01-06 17:47:24.977  WARN 9904 --- [           main] o.h.engine.jdbc.spi.SqlExceptionHelper   : SQL Error: 1062, SQLState: 23000
2024-01-06 17:47:24.977 ERROR 9904 --- [           main] o.h.engine.jdbc.spi.SqlExceptionHelper   : Duplicate entry 'abhishek@gmail.com' for key 'tbl_student.emailid_unique'
]]></system-out>
  </testcase>
  <testcase name="findAllPagination" classname="com.dailycodebuffer.spring.data.jpa.tutorial.repository.CourseRepositoryTest" time="0.935">
    <error message="failed to lazily initialize a collection of role: com.dailycodebuffer.spring.data.jpa.tutorial.entity.Course.students, could not initialize proxy - no Session" type="org.hibernate.LazyInitializationException">org.hibernate.LazyInitializationException: failed to lazily initialize a collection of role: com.dailycodebuffer.spring.data.jpa.tutorial.entity.Course.students, could not initialize proxy - no Session
	at com.dailycodebuffer.spring.data.jpa.tutorial.repository.CourseRepositoryTest.findAllPagination(CourseRepositoryTest.java:69)
</error>
    <system-out><![CDATA[Hibernate: select course0_.course_id as course_i1_1_, course0_.credit as credit2_1_, course0_.teacher_id as teacher_4_1_, course0_.title as title3_1_ from course course0_ limit ?, ?
Hibernate: select teacher0_.teacher_id as teacher_1_7_0_, teacher0_.first_name as first_na2_7_0_, teacher0_.last_name as last_nam3_7_0_ from teacher teacher0_ where teacher0_.teacher_id=?
Hibernate: select coursemate0_.course_material_id as course_m1_2_0_, coursemate0_.course_id as course_i3_2_0_, coursemate0_.url as url2_2_0_ from course_material coursemate0_ where coursemate0_.course_id=?
Hibernate: select course0_.course_id as course_i1_1_, course0_.credit as credit2_1_, course0_.teacher_id as teacher_4_1_, course0_.title as title3_1_ from course course0_ limit ?, ?
Hibernate: select teacher0_.teacher_id as teacher_1_7_0_, teacher0_.first_name as first_na2_7_0_, teacher0_.last_name as last_nam3_7_0_ from teacher teacher0_ where teacher0_.teacher_id=?
Hibernate: select coursemate0_.course_material_id as course_m1_2_0_, coursemate0_.course_id as course_i3_2_0_, coursemate0_.url as url2_2_0_ from course_material coursemate0_ where coursemate0_.course_id=?
Hibernate: select course0_.course_id as course_i1_1_, course0_.credit as credit2_1_, course0_.teacher_id as teacher_4_1_, course0_.title as title3_1_ from course course0_ limit ?, ?
Hibernate: select teacher0_.teacher_id as teacher_1_7_0_, teacher0_.first_name as first_na2_7_0_, teacher0_.last_name as last_nam3_7_0_ from teacher teacher0_ where teacher0_.teacher_id=?
Hibernate: select coursemate0_.course_material_id as course_m1_2_0_, coursemate0_.course_id as course_i3_2_0_, coursemate0_.url as url2_2_0_ from course_material coursemate0_ where coursemate0_.course_id=?
totalPages = 2
totalElements = 3
]]></system-out>
  </testcase>
  <testcase name="printfindByTitleContaining" classname="com.dailycodebuffer.spring.data.jpa.tutorial.repository.CourseRepositoryTest" time="0.06"/>
  <testcase name="printCourses" classname="com.dailycodebuffer.spring.data.jpa.tutorial.repository.CourseRepositoryTest" time="0.481">
    <error message="failed to lazily initialize a collection of role: com.dailycodebuffer.spring.data.jpa.tutorial.entity.Course.students, could not initialize proxy - no Session" type="org.hibernate.LazyInitializationException">org.hibernate.LazyInitializationException: failed to lazily initialize a collection of role: com.dailycodebuffer.spring.data.jpa.tutorial.entity.Course.students, could not initialize proxy - no Session
	at com.dailycodebuffer.spring.data.jpa.tutorial.repository.CourseRepositoryTest.printCourses(CourseRepositoryTest.java:26)
</error>
    <system-out><![CDATA[Hibernate: select course0_.course_id as course_i1_1_, course0_.credit as credit2_1_, course0_.teacher_id as teacher_4_1_, course0_.title as title3_1_ from course course0_
Hibernate: select teacher0_.teacher_id as teacher_1_7_0_, teacher0_.first_name as first_na2_7_0_, teacher0_.last_name as last_nam3_7_0_ from teacher teacher0_ where teacher0_.teacher_id=?
Hibernate: select coursemate0_.course_material_id as course_m1_2_0_, coursemate0_.course_id as course_i3_2_0_, coursemate0_.url as url2_2_0_ from course_material coursemate0_ where coursemate0_.course_id=?
Hibernate: select teacher0_.teacher_id as teacher_1_7_0_, teacher0_.first_name as first_na2_7_0_, teacher0_.last_name as last_nam3_7_0_ from teacher teacher0_ where teacher0_.teacher_id=?
Hibernate: select coursemate0_.course_material_id as course_m1_2_0_, coursemate0_.course_id as course_i3_2_0_, coursemate0_.url as url2_2_0_ from course_material coursemate0_ where coursemate0_.course_id=?
Hibernate: select teacher0_.teacher_id as teacher_1_7_0_, teacher0_.first_name as first_na2_7_0_, teacher0_.last_name as last_nam3_7_0_ from teacher teacher0_ where teacher0_.teacher_id=?
Hibernate: select coursemate0_.course_material_id as course_m1_2_0_, coursemate0_.course_id as course_i3_2_0_, coursemate0_.url as url2_2_0_ from course_material coursemate0_ where coursemate0_.course_id=?
]]></system-out>
  </testcase>
</testsuite>